Added Component: Designator=C16(C0805)
Add component (AddParameter): Name = "Value"; Value = "104"; VariantName = "[No Variations]"
Added Component: Designator=C17(C0805)
Add component (AddParameter): Name = "Value"; Value = "22p"; VariantName = "[No Variations]"
Added Component: Designator=C18(C0805)
Add component (AddParameter): Name = "Value"; Value = "22p"; VariantName = "[No Variations]"
Added Component: Designator=C19(C0805)
Add component (AddParameter): Name = "Value"; Value = "104"; VariantName = "[No Variations]"
Added Component: Designator=C20(C0805)
Add component (AddParameter): Name = "Value"; Value = "104"; VariantName = "[No Variations]"
Added Component: Designator=D20(0805_LED)
Added Component: Designator=D21(0805_LED)
Added Component: Designator=P12(SIP3-1.27)
Add component (AddParameter): Name = "LatestRevisionDate"; Value = "17-Jul-2002"; VariantName = "[No Variations]"
Add component (AddParameter): Name = "LatestRevisionNote"; Value = "Re-released for DXP Platform."; VariantName = "[No Variations]"
Add component (AddParameter): Name = "Publisher"; Value = "Altium Limited"; VariantName = "[No Variations]"
Added Component: Designator=P13(SIP3-1.27)
Add component (AddParameter): Name = "LatestRevisionDate"; Value = "17-Jul-2002"; VariantName = "[No Variations]"
Add component (AddParameter): Name = "LatestRevisionNote"; Value = "Re-released for DXP Platform."; VariantName = "[No Variations]"
Add component (AddParameter): Name = "Publisher"; Value = "Altium Limited"; VariantName = "[No Variations]"
Added Component: Designator=R30(C0805)
Add component (AddParameter): Name = "Value"; Value = "1k"; VariantName = "[No Variations]"
Added Component: Designator=R31(C0805)
Add component (AddParameter): Name = "Value"; Value = "1k"; VariantName = "[No Variations]"
Added Component: Designator=R32(C0805)
Add component (AddParameter): Name = "Value"; Value = "1.5k"; VariantName = "[No Variations]"
Added Component: Designator=R33(C0805)
Add component (AddParameter): Name = "Value"; Value = "22"; VariantName = "[No Variations]"
Added Component: Designator=R34(C0805)
Add component (AddParameter): Name = "Value"; Value = "22"; VariantName = "[No Variations]"
Added Component: Designator=R35(C0805)
Add component (AddParameter): Name = "Value"; Value = "1.5k"; VariantName = "[No Variations]"
Added Component: Designator=R36(C0805)
Add component (AddParameter): Name = "Value"; Value = "22"; VariantName = "[No Variations]"
Added Component: Designator=R37(C0805)
Add component (AddParameter): Name = "Value"; Value = "22"; VariantName = "[No Variations]"
Added Component: Designator=R38(C0805)
Add component (AddParameter): Name = "Value"; Value = "1.5k"; VariantName = "[No Variations]"
Added Component: Designator=R39(C0805)
Add component (AddParameter): Name = "Value"; Value = "1.5k"; VariantName = "[No Variations]"
Added Component: Designator=R40(C0805)
Add component (AddParameter): Name = "Value"; Value = "4.7k"; VariantName = "[No Variations]"
Added Component: Designator=R41(C0805)
Add component (AddParameter): Name = "Value"; Value = "4.7k"; VariantName = "[No Variations]"
Added Component: Designator=R42(C0805)
Add component (AddParameter): Name = "Value"; Value = "10k"; VariantName = "[No Variations]"
Added Component: Designator=R43(C0805)
Add component (AddParameter): Name = "Value"; Value = "22"; VariantName = "[No Variations]"
Added Component: Designator=R44(C0805)
Add component (AddParameter): Name = "Value"; Value = "22"; VariantName = "[No Variations]"
Added Component: Designator=R45(C0805)
Add component (AddParameter): Name = "Value"; Value = "100"; VariantName = "[No Variations]"
Added Component: Designator=SWD1(HEADER 5)
Added Component: Designator=SWIM1(HEADER 5)
Add component (AddParameter): Name = "LatestRevisionDate"; Value = "17-Jul-2002"; VariantName = "[No Variations]"
Add component (AddParameter): Name = "LatestRevisionNote"; Value = "Re-released for DXP Platform."; VariantName = "[No Variations]"
Add component (AddParameter): Name = "Publisher"; Value = "Altium Limited"; VariantName = "[No Variations]"
Added Component: Designator=U13(SOT_223)
Added Component: Designator=U14(LQFP48_N)
Add component (AddParameter): Name = "ComponentLink1Description"; Value = "Manufacturer Link"; VariantName = "[No Variations]"
Add component (AddParameter): Name = "ComponentLink1URL"; Value = "www.st.com/stm32"; VariantName = "[No Variations]"
Add component (AddParameter): Name = "ComponentLink2Description"; Value = "Datasheet"; VariantName = "[No Variations]"
Add component (AddParameter): Name = "ComponentLink2URL"; Value = "http://www.st.com/stonline/products/literature/ds/13587.pdf"; VariantName = "[No Variations]"
Add component (AddParameter): Name = "DatasheetVersion"; Value = "rev6, Mar-2008"; VariantName = "[No Variations]"
Add component (AddParameter): Name = "PackageDescription"; Value = "48-Pin Low-Profile Quad Flat Pack, 7 x 7 mm Body, 0.5 mm Pitch (LQFP48)"; VariantName = "[No Variations]"
Add component (AddParameter): Name = "PackageReference"; Value = "LQFP48"; VariantName = "[No Variations]"
Add component (AddParameter): Name = "PackageVersion"; Value = "Mar-2008"; VariantName = "[No Variations]"
Add component (AddParameter): Name = "Published"; Value = "30-May-2008"; VariantName = "[No Variations]"
Add component (AddParameter): Name = "Publisher"; Value = "Altium Limited"; VariantName = "[No Variations]"
Added Component: Designator=USB2(USB_A_G)
Added Component: Designator=Y4(XTAL_2)
Added Pin To Net: NetName=GNDG Pin=C16-1
Added Pin To Net: NetName=5V0 Pin=C16-2
Added Pin To Net: NetName=GNDG Pin=C17-1
Added Pin To Net: NetName=OS_IN Pin=C17-2
Added Pin To Net: NetName=GNDG Pin=C18-1
Added Pin To Net: NetName=OS_OUT Pin=C18-2
Added Pin To Net: NetName=GNDG Pin=C19-1
Added Pin To Net: NetName=3V3 Pin=C19-2
Added Pin To Net: NetName=GNDG Pin=C20-1
Added Pin To Net: NetName=3V3 Pin=D20-1
Added Pin To Net: NetName=RX Pin=D21-1
Added Pin To Net: NetName=GNDG Pin=P12-1
Added Pin To Net: NetName=SWCLK1 Pin=P12-2
Added Pin To Net: NetName=SWDIO1 Pin=P12-3
Added Pin To Net: NetName=GNDG Pin=P13-1
Added Pin To Net: NetName=TX Pin=P13-2
Added Pin To Net: NetName=RX Pin=P13-3
Added Pin To Net: NetName=SWIM_IN Pin=R30-1
Added Pin To Net: NetName=SWIM Pin=R30-2
Added Pin To Net: NetName=SWIM_RST_IN Pin=R31-1
Added Pin To Net: NetName=SWIM_RST Pin=R31-2
Added Pin To Net: NetName=3V3 Pin=R32-2
Added Pin To Net: NetName=USB_DM Pin=R33-2
Added Pin To Net: NetName=USB_DP Pin=R34-2
Added Pin To Net: NetName=5V0 Pin=R35-1
Added Pin To Net: NetName=SWIM Pin=R35-2
Added Pin To Net: NetName=(SWIM) Pin=R36-1
Added Pin To Net: NetName=SWIM Pin=R36-2
Added Pin To Net: NetName=(NRS) Pin=R37-1
Added Pin To Net: NetName=SWIM_RST Pin=R37-2
Added Pin To Net: NetName=RX Pin=R38-2
Added Pin To Net: NetName=GNDG Pin=R39-1
Added Pin To Net: NetName=3V3 Pin=R40-2
Added Pin To Net: NetName=GNDG Pin=R41-1
Added Pin To Net: NetName=GNDG Pin=R42-1
Added Pin To Net: NetName=BOOT0 Pin=R42-2
Added Pin To Net: NetName=(SWDIO) Pin=R43-1
Added Pin To Net: NetName=T_JTMS Pin=R43-2
Added Pin To Net: NetName=(SWCLK) Pin=R44-1
Added Pin To Net: NetName=T_JTCK Pin=R44-2
Added Pin To Net: NetName=T_JTMS Pin=R45-1
Added Pin To Net: NetName=T_SWDIO_IN Pin=R45-2
Added Pin To Net: NetName=(SWCLK) Pin=SWD1-1
Added Pin To Net: NetName=(SWDIO) Pin=SWD1-2
Added Pin To Net: NetName=GNDG Pin=SWD1-3
Added Pin To Net: NetName=3V3 Pin=SWD1-4
Added Pin To Net: NetName=5V0 Pin=SWD1-5
Added Pin To Net: NetName=5V0 Pin=SWIM1-1
Added Pin To Net: NetName=3V3 Pin=SWIM1-2
Added Pin To Net: NetName=GNDG Pin=SWIM1-3
Added Pin To Net: NetName=(SWIM) Pin=SWIM1-4
Added Pin To Net: NetName=(NRS) Pin=SWIM1-5
Added Pin To Net: NetName=GNDG Pin=U13-1
Added Pin To Net: NetName=3V3 Pin=U13-2
Added Pin To Net: NetName=3V3 Pin=U13-2
Added Pin To Net: NetName=5V0 Pin=U13-3
Added Pin To Net: NetName=3V3 Pin=U14-1
Added Pin To Net: NetName=OS_IN Pin=U14-5
Added Pin To Net: NetName=OS_OUT Pin=U14-6
Added Pin To Net: NetName=GNDG Pin=U14-8
Added Pin To Net: NetName=3V3 Pin=U14-9
Added Pin To Net: NetName=T_JTCK Pin=U14-15
Added Pin To Net: NetName=GNDG Pin=U14-20
Added Pin To Net: NetName=SWIM_IN Pin=U14-21
Added Pin To Net: NetName=SWIM Pin=U14-22
Added Pin To Net: NetName=GNDG Pin=U14-23
Added Pin To Net: NetName=3V3 Pin=U14-24
Added Pin To Net: NetName=T_SWDIO_IN Pin=U14-25
Added Pin To Net: NetName=T_JTCK Pin=U14-26
Added Pin To Net: NetName=T_JTMS Pin=U14-27
Added Pin To Net: NetName=RX Pin=U14-30
Added Pin To Net: NetName=TX Pin=U14-31
Added Pin To Net: NetName=USB_DM Pin=U14-32
Added Pin To Net: NetName=USB_DP Pin=U14-33
Added Pin To Net: NetName=SWDIO1 Pin=U14-34
Added Pin To Net: NetName=GNDG Pin=U14-35
Added Pin To Net: NetName=3V3 Pin=U14-36
Added Pin To Net: NetName=SWCLK1 Pin=U14-37
Added Pin To Net: NetName=SWIM_RST_IN Pin=U14-41
Added Pin To Net: NetName=SWIM_RST Pin=U14-42
Added Pin To Net: NetName=SWIM_IN Pin=U14-43
Added Pin To Net: NetName=BOOT0 Pin=U14-44
Added Pin To Net: NetName=SWIM Pin=U14-45
Added Pin To Net: NetName=SWIM_IN Pin=U14-46
Added Pin To Net: NetName=GNDG Pin=U14-47
Added Pin To Net: NetName=3V3 Pin=U14-48
Added Pin To Net: NetName=GNDG Pin=USB2-1
Added Pin To Net: NetName=5V0 Pin=USB2-4
Added Pin To Net: NetName=OS_OUT Pin=Y4-1
Added Pin To Net: NetName=OS_IN Pin=Y4-2
Added Pin To Net: NetName=NetC20_2 Pin=C20-2
Added Pin To Net: NetName=NetC20_2 Pin=U14-7
Added Net: Name=NetC20_2
Added Pin To Net: NetName=NetD20_2 Pin=D20-2
Added Pin To Net: NetName=NetD20_2 Pin=R38-1
Added Net: Name=NetD20_2
Added Pin To Net: NetName=NetD21_2 Pin=D21-2
Added Pin To Net: NetName=NetD21_2 Pin=R39-2
Added Net: Name=NetD21_2
Added Pin To Net: NetName=NetR32_1 Pin=R32-1
Added Pin To Net: NetName=NetR32_1 Pin=R34-1
Added Pin To Net: NetName=NetR32_1 Pin=USB2-2
Added Net: Name=NetR32_1
Added Pin To Net: NetName=NetR33_1 Pin=R33-1
Added Pin To Net: NetName=NetR33_1 Pin=USB2-3
Added Net: Name=NetR33_1
Added Pin To Net: NetName=NetR40_1 Pin=R40-1
Added Pin To Net: NetName=NetR40_1 Pin=R41-2
Added Pin To Net: NetName=NetR40_1 Pin=U14-10
Added Net: Name=NetR40_1
Added Member To Class: ClassName=NewInfSche Member=Component C16 Cap
Added Member To Class: ClassName=NewInfSche Member=Component C17 Cap
Added Member To Class: ClassName=NewInfSche Member=Component C18 Cap
Added Member To Class: ClassName=NewInfSche Member=Component C19 Cap
Added Member To Class: ClassName=NewInfSche Member=Component C20 Cap
Added Member To Class: ClassName=NewInfSche Member=Component D20 LED
Added Member To Class: ClassName=NewInfSche Member=Component D21 LED
Added Member To Class: ClassName=NewInfSche Member=Component P12 ST-LINK
Added Member To Class: ClassName=NewInfSche Member=Component P13 ´®¿Ú1
Added Member To Class: ClassName=NewInfSche Member=Component R30 RES
Added Member To Class: ClassName=NewInfSche Member=Component R31 RES
Added Member To Class: ClassName=NewInfSche Member=Component R32 RES
Added Member To Class: ClassName=NewInfSche Member=Component R33 RES
Added Member To Class: ClassName=NewInfSche Member=Component R34 RES
Added Member To Class: ClassName=NewInfSche Member=Component R35 RES
Added Member To Class: ClassName=NewInfSche Member=Component R36 RES
Added Member To Class: ClassName=NewInfSche Member=Component R37 RES
Added Member To Class: ClassName=NewInfSche Member=Component R38 RES
Added Member To Class: ClassName=NewInfSche Member=Component R39 RES
Added Member To Class: ClassName=NewInfSche Member=Component R40 RES
Added Member To Class: ClassName=NewInfSche Member=Component R41 RES
Added Member To Class: ClassName=NewInfSche Member=Component R42 RES
Added Member To Class: ClassName=NewInfSche Member=Component R43 RES
Added Member To Class: ClassName=NewInfSche Member=Component R44 RES
Added Member To Class: ClassName=NewInfSche Member=Component R45 RES
Added Member To Class: ClassName=NewInfSche Member=Component SWD1 Head5
Added Member To Class: ClassName=NewInfSche Member=Component SWIM1 Header 5
Added Member To Class: ClassName=NewInfSche Member=Component U13 AMS1117-XX
Added Member To Class: ClassName=NewInfSche Member=Component U14 STM32F103C8T6
Added Member To Class: ClassName=NewInfSche Member=Component USB2 USB
Added Member To Class: ClassName=NewInfSche Member=Component Y4 XTAL
Added Room: Name=NewInfSche
