Added Component: Designator=P?(64900621122)
Add component (AddParameter): Name = "Contact Resistance"; Value = "10mOhm"; VariantName = "[No Variations]"
Add component (AddParameter): Name = "Datasheet URL"; Value = "https://katalog.we-online.de/em/datasheet/6490xx21122.pdf"; VariantName = "[No Variations]"
Add component (AddParameter): Name = "Gender"; Value = "Male"; VariantName = "[No Variations]"
Add component (AddParameter): Name = "Manufacturer"; Value = "Wurth Elektronik"; VariantName = "[No Variations]"
Add component (AddParameter): Name = "Manufacturer URL"; Value = "http://www.we-online.de"; VariantName = "[No Variations]"
Add component (AddParameter): Name = "Mounting Technology"; Value = "THT"; VariantName = "[No Variations]"
Add component (AddParameter): Name = "Operating Temperature"; Value = "-40to105degC"; VariantName = "[No Variations]"
Add component (AddParameter): Name = "Orientation"; Value = "Vertical"; VariantName = "[No Variations]"
Add component (AddParameter): Name = "Package Reference"; Value = "64900621122"; VariantName = "[No Variations]"
Add component (AddParameter): Name = "Packaging"; Value = "Tray"; VariantName = "[No Variations]"
Add component (AddParameter): Name = "Part Number"; Value = "64900621122"; VariantName = "[No Variations]"
Add component (AddParameter): Name = "Pin Number"; Value = "6"; VariantName = "[No Variations]"
Add component (AddParameter): Name = "Pitch"; Value = "4.2mm"; VariantName = "[No Variations]"
Add component (AddParameter): Name = "Publisher"; Value = "WurthElektronik"; VariantName = "[No Variations]"
Add component (AddParameter): Name = "Working Voltage"; Value = "600VAC"; VariantName = "[No Variations]"
Added Pin To Net: NetName=GMB_GND Pin=P?-1
Added Pin To Net: NetName=AMMO_GND Pin=P?-2
Added Pin To Net: NetName=MPC_GND Pin=P?-3
Added Pin To Net: NetName=GMB_DC Pin=P?-4
Added Pin To Net: NetName=AMMO_DC Pin=P?-5
Added Pin To Net: NetName=MPC_DC Pin=P?-6
Added Member To Class: ClassName=NewInfSche Member=Component P? 64900621122
Added Member To Class: ClassName=NewInfSche Member=Component SERIAL 4 HEADER
Added Room: Name=NewInfSche
