Change Component Footprint: Designator=POWER Old Footprint=662006230822 New Footprint=66200621022
Change Component Comment : Designator=POWER Old Comment=662006230822 New Comment=66200621022
Change Managed Component Library Link : Designator=POWER Old VaultGUID=B7D15EC3-160A-466F-A46C-7801FE6295A7 New VaultGUID=B7D15EC3-160A-466F-A46C-7801FE6295A7 Old ItemGUID=12604A74-4972-4A4A-9A06-825927FAB55C New ItemGUID=2A77381B-12CC-4717-9174-0921FE996D16 Old RevisionGUID=4BABFBCD-3D83-48EB-96B3-DD7FAB3D7678 New RevisionGUID=6F3E9ED5-3F8A-41D6-8F36-C1FCA28E1934
Change component parameters: Designator = "POWER" ("POWER"); Footprint = "662006230822"; UniqueID = "\TKORKNXL" ("\TKORKNXL")
Change component parameters (AddParameter): Name = "Contact Resistance"; Value = "10mOhm"; VariantName = "[No Variations]"
Change component parameters (AddParameter): Name = "Datasheet URL"; Value = "https://katalog.we-online.de/em/datasheet/6620xx21022.pdf"; VariantName = "[No Variations]"
Change component parameters (AddParameter): Name = "Gender"; Value = "Male"; VariantName = "[No Variations]"
Change component parameters (AddParameter): Name = "Manufacturer"; Value = "Wurth Elektronik"; VariantName = "[No Variations]"
Change component parameters (AddParameter): Name = "Manufacturer URL"; Value = "http://www.we-online.de"; VariantName = "[No Variations]"
Change component parameters (AddParameter): Name = "Mounting Technology"; Value = "THT"; VariantName = "[No Variations]"
Change component parameters (AddParameter): Name = "Operating Temperature"; Value = "-40to105degC"; VariantName = "[No Variations]"
Change component parameters (AddParameter): Name = "Orientation"; Value = "RightAngled"; VariantName = "[No Variations]"
Change component parameters (AddParameter): Name = "Package Reference"; Value = "66200621022"; VariantName = "[No Variations]"
Change component parameters (AddParameter): Name = "Packaging"; Value = "Tube"; VariantName = "[No Variations]"
Change component parameters (AddParameter): Name = "Part Number"; Value = "66200621022"; VariantName = "[No Variations]"
Change component parameters (AddParameter): Name = "Pin Number"; Value = "6"; VariantName = "[No Variations]"
Change component parameters (AddParameter): Name = "Pitch"; Value = "3mm"; VariantName = "[No Variations]"
Change component parameters (AddParameter): Name = "Publisher"; Value = "WurthElektronik"; VariantName = "[No Variations]"
Change component parameters (AddParameter): Name = "Working Voltage"; Value = "250VAC"; VariantName = "[No Variations]"
Added Pin To Net: NetName=MPC_GND Pin=POWER-3
Added Member To Class: ClassName=NewInfSche Member=Component SERIAL 4 HEADER
Added Room: Name=NewInfSche
