Removed Pin From Net: NetName=CAN2_H Pin=PLUGIN-11
Removed Pin From Net: NetName=CAN2_L Pin=PLUGIN-15
Removed Pin From Net: NetName=GMB_DC Pin=PLUGIN-17
Removed Pin From Net: NetName=MPC_GND Pin=PLUGIN-18
Removed Pin From Net: NetName=GMB_DC Pin=PLUGIN-19
Removed Pin From Net: NetName=MPC_GND Pin=PLUGIN-20
Removed Pin From Net: NetName=GMB_DC Pin=PLUGIN-21
Removed Pin From Net: NetName=MPC_GND Pin=PLUGIN-22
Removed Pin From Net: NetName=AMMO_GND Pin=PLUGIN-23
Removed Pin From Net: NetName=MPC_DC Pin=PLUGIN-24
Removed Pin From Net: NetName=AMMO_GND Pin=PLUGIN-25
Removed Pin From Net: NetName=MPC_DC Pin=PLUGIN-26
Removed Pin From Net: NetName=AMMO_GND Pin=PLUGIN-27
Removed Pin From Net: NetName=MPC_DC Pin=PLUGIN-28
Removed Pin From Net: NetName=AMMO_DC Pin=PLUGIN-29
Removed Pin From Net: NetName=GMB_GND Pin=PLUGIN-30
Removed Pin From Net: NetName=AMMO_DC Pin=PLUGIN-31
Removed Pin From Net: NetName=GMB_GND Pin=PLUGIN-32
Removed Pin From Net: NetName=AMMO_DC Pin=PLUGIN-33
Removed Pin From Net: NetName=GMB_GND Pin=PLUGIN-34
Added Component: Designator=POWER(662006230822)
Add component (AddParameter): Name = "Contact Resistance"; Value = "10mOhm"; VariantName = "[No Variations]"
Add component (AddParameter): Name = "Datasheet URL"; Value = "https://katalog.we-online.de/em/datasheet/6620xx230822.pdf"; VariantName = "[No Variations]"
Add component (AddParameter): Name = "Gender"; Value = "Male"; VariantName = "[No Variations]"
Add component (AddParameter): Name = "Manufacturer"; Value = "Wurth Elektronik"; VariantName = "[No Variations]"
Add component (AddParameter): Name = "Manufacturer URL"; Value = "http://www.we-online.de"; VariantName = "[No Variations]"
Add component (AddParameter): Name = "Mounting Technology"; Value = "SMT"; VariantName = "[No Variations]"
Add component (AddParameter): Name = "Operating Temperature"; Value = "-40to105degC"; VariantName = "[No Variations]"
Add component (AddParameter): Name = "Orientation"; Value = "RightAngled"; VariantName = "[No Variations]"
Add component (AddParameter): Name = "Package Reference"; Value = "662006230822"; VariantName = "[No Variations]"
Add component (AddParameter): Name = "Packaging"; Value = "Tube"; VariantName = "[No Variations]"
Add component (AddParameter): Name = "Part Number"; Value = "662006230822"; VariantName = "[No Variations]"
Add component (AddParameter): Name = "Pin Number"; Value = "6"; VariantName = "[No Variations]"
Add component (AddParameter): Name = "Pitch"; Value = "3mm"; VariantName = "[No Variations]"
Add component (AddParameter): Name = "Publisher"; Value = "WurthElektronik"; VariantName = "[No Variations]"
Add component (AddParameter): Name = "Working Voltage"; Value = "250VAC"; VariantName = "[No Variations]"
Added Pin To Net: NetName=GMB_GND Pin=POWER-1
Added Pin To Net: NetName=AMMO_GND Pin=POWER-2
Added Pin To Net: NetName=GMB_DC Pin=POWER-4
Added Pin To Net: NetName=AMMO_DC Pin=POWER-5
Added Pin To Net: NetName=MPC_DC Pin=POWER-6
Added Member To Class: ClassName=NewInfSche Member=Component POWER 662006230822
Added Member To Class: ClassName=NewInfSche Member=Component SERIAL 4 HEADER
Added Room: Name=NewInfSche
