Added Component: Designator=C?(C0805)
Add component (AddParameter): Name = "Value"; Value = "22p"; VariantName = "[No Variations]"
Added Component: Designator=C?(C0805)
Add component (AddParameter): Name = "Value"; Value = "104"; VariantName = "[No Variations]"
Added Component: Designator=C?(C0805)
Add component (AddParameter): Name = "Value"; Value = "22p"; VariantName = "[No Variations]"
Added Component: Designator=C?(C0805)
Add component (AddParameter): Name = "Value"; Value = "104"; VariantName = "[No Variations]"
Added Component: Designator=C?(C0805)
Add component (AddParameter): Name = "Value"; Value = "104"; VariantName = "[No Variations]"
Added Component: Designator=D?(0805_LED)
Added Component: Designator=D?(0805_LED)
Added Component: Designator=P?(SIP3-1.27)
Add component (AddParameter): Name = "LatestRevisionDate"; Value = "17-Jul-2002"; VariantName = "[No Variations]"
Add component (AddParameter): Name = "LatestRevisionNote"; Value = "Re-released for DXP Platform."; VariantName = "[No Variations]"
Add component (AddParameter): Name = "Publisher"; Value = "Altium Limited"; VariantName = "[No Variations]"
Added Component: Designator=P?(SIP3-1.27)
Add component (AddParameter): Name = "LatestRevisionDate"; Value = "17-Jul-2002"; VariantName = "[No Variations]"
Add component (AddParameter): Name = "LatestRevisionNote"; Value = "Re-released for DXP Platform."; VariantName = "[No Variations]"
Add component (AddParameter): Name = "Publisher"; Value = "Altium Limited"; VariantName = "[No Variations]"
Added Component: Designator=R?(C0805)
Add component (AddParameter): Name = "Value"; Value = "22"; VariantName = "[No Variations]"
Added Component: Designator=R?(C0805)
Add component (AddParameter): Name = "Value"; Value = "1k"; VariantName = "[No Variations]"
Added Component: Designator=R?(C0805)
Add component (AddParameter): Name = "Value"; Value = "4.7k"; VariantName = "[No Variations]"
Added Component: Designator=R?(C0805)
Add component (AddParameter): Name = "Value"; Value = "22"; VariantName = "[No Variations]"
Added Component: Designator=R?(C0805)
Add component (AddParameter): Name = "Value"; Value = "100"; VariantName = "[No Variations]"
Added Component: Designator=R?(C0805)
Add component (AddParameter): Name = "Value"; Value = "1.5k"; VariantName = "[No Variations]"
Added Component: Designator=R?(C0805)
Add component (AddParameter): Name = "Value"; Value = "22"; VariantName = "[No Variations]"
Added Component: Designator=R?(C0805)
Add component (AddParameter): Name = "Value"; Value = "1k"; VariantName = "[No Variations]"
Added Component: Designator=R?(C0805)
Add component (AddParameter): Name = "Value"; Value = "1.5k"; VariantName = "[No Variations]"
Added Component: Designator=R?(C0805)
Add component (AddParameter): Name = "Value"; Value = "22"; VariantName = "[No Variations]"
Added Component: Designator=R?(C0805)
Add component (AddParameter): Name = "Value"; Value = "22"; VariantName = "[No Variations]"
Added Component: Designator=R?(C0805)
Add component (AddParameter): Name = "Value"; Value = "10k"; VariantName = "[No Variations]"
Added Component: Designator=R?(C0805)
Add component (AddParameter): Name = "Value"; Value = "1.5k"; VariantName = "[No Variations]"
Added Component: Designator=R?(C0805)
Add component (AddParameter): Name = "Value"; Value = "22"; VariantName = "[No Variations]"
Added Component: Designator=R?(C0805)
Add component (AddParameter): Name = "Value"; Value = "4.7k"; VariantName = "[No Variations]"
Added Component: Designator=R?(C0805)
Add component (AddParameter): Name = "Value"; Value = "1.5k"; VariantName = "[No Variations]"
Added Component: Designator=SWD?(HEADER 5)
Added Component: Designator=SWIM?(HEADER 5)
Add component (AddParameter): Name = "LatestRevisionDate"; Value = "17-Jul-2002"; VariantName = "[No Variations]"
Add component (AddParameter): Name = "LatestRevisionNote"; Value = "Re-released for DXP Platform."; VariantName = "[No Variations]"
Add component (AddParameter): Name = "Publisher"; Value = "Altium Limited"; VariantName = "[No Variations]"
Added Component: Designator=U?(LQFP48_N)
Add component (AddParameter): Name = "ComponentLink1Description"; Value = "Manufacturer Link"; VariantName = "[No Variations]"
Add component (AddParameter): Name = "ComponentLink1URL"; Value = "www.st.com/stm32"; VariantName = "[No Variations]"
Add component (AddParameter): Name = "ComponentLink2Description"; Value = "Datasheet"; VariantName = "[No Variations]"
Add component (AddParameter): Name = "ComponentLink2URL"; Value = "http://www.st.com/stonline/products/literature/ds/13587.pdf"; VariantName = "[No Variations]"
Add component (AddParameter): Name = "DatasheetVersion"; Value = "rev6, Mar-2008"; VariantName = "[No Variations]"
Add component (AddParameter): Name = "PackageDescription"; Value = "48-Pin Low-Profile Quad Flat Pack, 7 x 7 mm Body, 0.5 mm Pitch (LQFP48)"; VariantName = "[No Variations]"
Add component (AddParameter): Name = "PackageReference"; Value = "LQFP48"; VariantName = "[No Variations]"
Add component (AddParameter): Name = "PackageVersion"; Value = "Mar-2008"; VariantName = "[No Variations]"
Add component (AddParameter): Name = "Published"; Value = "30-May-2008"; VariantName = "[No Variations]"
Add component (AddParameter): Name = "Publisher"; Value = "Altium Limited"; VariantName = "[No Variations]"
Added Component: Designator=U?(SOT_223)
Added Component: Designator=USB?(USB_A_G)
Added Component: Designator=Y?(XTAL_2)
Added Pin To Net: NetName=(NRS) Pin=R?-1
Added Pin To Net: NetName=(NRS) Pin=SWIM?-5
Added Net: Name=(NRS)
Added Pin To Net: NetName=(SWCLK) Pin=R?-1
Added Pin To Net: NetName=(SWCLK) Pin=SWD?-1
Added Net: Name=(SWCLK)
Added Pin To Net: NetName=(SWDIO) Pin=R?-1
Added Pin To Net: NetName=(SWDIO) Pin=SWD?-2
Added Net: Name=(SWDIO)
Added Pin To Net: NetName=(SWIM) Pin=R?-1
Added Pin To Net: NetName=(SWIM) Pin=SWIM?-4
Added Net: Name=(SWIM)
Added Pin To Net: NetName=3V3 Pin=C?-2
Added Pin To Net: NetName=3V3 Pin=D?-1
Added Pin To Net: NetName=3V3 Pin=R?-2
Added Pin To Net: NetName=3V3 Pin=R?-2
Added Pin To Net: NetName=3V3 Pin=SWD?-4
Added Pin To Net: NetName=3V3 Pin=SWIM?-2
Added Pin To Net: NetName=3V3 Pin=U?-1
Added Pin To Net: NetName=3V3 Pin=U?-2
Added Pin To Net: NetName=3V3 Pin=U?-2
Added Pin To Net: NetName=3V3 Pin=U?-9
Added Pin To Net: NetName=3V3 Pin=U?-24
Added Pin To Net: NetName=3V3 Pin=U?-36
Added Pin To Net: NetName=3V3 Pin=U?-48
Added Net: Name=3V3
Added Pin To Net: NetName=5V0 Pin=C?-2
Added Pin To Net: NetName=5V0 Pin=R?-1
Added Pin To Net: NetName=5V0 Pin=SWD?-5
Added Pin To Net: NetName=5V0 Pin=SWIM?-1
Added Pin To Net: NetName=5V0 Pin=U?-3
Added Pin To Net: NetName=5V0 Pin=USB?-4
Added Net: Name=5V0
Added Pin To Net: NetName=BOOT0 Pin=R?-2
Added Pin To Net: NetName=BOOT0 Pin=U?-44
Added Net: Name=BOOT0
Added Pin To Net: NetName=GNDG Pin=C?-1
Added Pin To Net: NetName=GNDG Pin=C?-1
Added Pin To Net: NetName=GNDG Pin=C?-1
Added Pin To Net: NetName=GNDG Pin=C?-1
Added Pin To Net: NetName=GNDG Pin=C?-1
Added Pin To Net: NetName=GNDG Pin=P?-1
Added Pin To Net: NetName=GNDG Pin=P?-1
Added Pin To Net: NetName=GNDG Pin=R?-1
Added Pin To Net: NetName=GNDG Pin=R?-1
Added Pin To Net: NetName=GNDG Pin=R?-1
Added Pin To Net: NetName=GNDG Pin=SWD?-3
Added Pin To Net: NetName=GNDG Pin=SWIM?-3
Added Pin To Net: NetName=GNDG Pin=U?-1
Added Pin To Net: NetName=GNDG Pin=U?-8
Added Pin To Net: NetName=GNDG Pin=U?-20
Added Pin To Net: NetName=GNDG Pin=U?-23
Added Pin To Net: NetName=GNDG Pin=U?-35
Added Pin To Net: NetName=GNDG Pin=U?-47
Added Pin To Net: NetName=GNDG Pin=USB?-1
Added Net: Name=GNDG
Added Pin To Net: NetName=NetC?_2 Pin=C?-2
Added Pin To Net: NetName=NetC?_2 Pin=U?-7
Added Net: Name=NetC?_2
Added Pin To Net: NetName=NetD?_2 Pin=D?-2
Added Pin To Net: NetName=NetD?_2 Pin=R?-2
Added Net: Name=NetD?_2
Added Pin To Net: NetName=NetR?_1 Pin=R?-1
Added Pin To Net: NetName=NetR?_1 Pin=R?-2
Added Pin To Net: NetName=NetR?_1 Pin=U?-10
Added Net: Name=NetR?_1
Added Pin To Net: NetName=OS_IN Pin=C?-2
Added Pin To Net: NetName=OS_IN Pin=U?-5
Added Pin To Net: NetName=OS_IN Pin=Y?-2
Added Net: Name=OS_IN
Added Pin To Net: NetName=OS_OUT Pin=C?-2
Added Pin To Net: NetName=OS_OUT Pin=U?-6
Added Pin To Net: NetName=OS_OUT Pin=Y?-1
Added Net: Name=OS_OUT
Added Pin To Net: NetName=RX Pin=D?-1
Added Pin To Net: NetName=RX Pin=P?-3
Added Pin To Net: NetName=RX Pin=R?-2
Added Pin To Net: NetName=RX Pin=U?-30
Added Net: Name=RX
Added Pin To Net: NetName=SWCLK1 Pin=P?-2
Added Pin To Net: NetName=SWCLK1 Pin=U?-37
Added Net: Name=SWCLK1
Added Pin To Net: NetName=SWDIO1 Pin=P?-3
Added Pin To Net: NetName=SWDIO1 Pin=U?-34
Added Net: Name=SWDIO1
Added Pin To Net: NetName=SWIM_IN Pin=R?-1
Added Pin To Net: NetName=SWIM_IN Pin=U?-21
Added Pin To Net: NetName=SWIM_IN Pin=U?-43
Added Pin To Net: NetName=SWIM_IN Pin=U?-46
Added Net: Name=SWIM_IN
Added Pin To Net: NetName=SWIM_RST_IN Pin=R?-1
Added Pin To Net: NetName=SWIM_RST_IN Pin=U?-41
Added Net: Name=SWIM_RST_IN
Added Pin To Net: NetName=SWIM_RST Pin=R?-2
Added Pin To Net: NetName=SWIM_RST Pin=R?-2
Added Pin To Net: NetName=SWIM_RST Pin=U?-42
Added Net: Name=SWIM_RST
Added Pin To Net: NetName=SWIM Pin=R?-2
Added Pin To Net: NetName=SWIM Pin=R?-2
Added Pin To Net: NetName=SWIM Pin=R?-2
Added Pin To Net: NetName=SWIM Pin=U?-22
Added Pin To Net: NetName=SWIM Pin=U?-45
Added Net: Name=SWIM
Added Pin To Net: NetName=T_JTCK Pin=R?-2
Added Pin To Net: NetName=T_JTCK Pin=U?-15
Added Pin To Net: NetName=T_JTCK Pin=U?-26
Added Net: Name=T_JTCK
Added Pin To Net: NetName=T_JTMS Pin=R?-1
Added Pin To Net: NetName=T_JTMS Pin=R?-2
Added Pin To Net: NetName=T_JTMS Pin=U?-27
Added Net: Name=T_JTMS
Added Pin To Net: NetName=T_SWDIO_IN Pin=R?-2
Added Pin To Net: NetName=T_SWDIO_IN Pin=U?-25
Added Net: Name=T_SWDIO_IN
Added Pin To Net: NetName=TX Pin=P?-2
Added Pin To Net: NetName=TX Pin=U?-31
Added Net: Name=TX
Added Pin To Net: NetName=USB_DM Pin=R?-2
Added Pin To Net: NetName=USB_DM Pin=U?-32
Added Net: Name=USB_DM
Added Pin To Net: NetName=USB_DP Pin=R?-2
Added Pin To Net: NetName=USB_DP Pin=U?-33
Added Net: Name=USB_DP
Added Class: Name=NewInfSche
Added Room: Name=NewInfSche
