Added Component: Designator=BOARD_P(XT30-M)
Added Component: Designator=CAN1(JST-BM02B-GHS-TBT_V)
Add component (AddParameter): Name = "Category"; Value = "Connectors,Interconnects"; VariantName = "[No Variations]"
Add component (AddParameter): Name = "Color"; Value = "Natural"; VariantName = "[No Variations]"
Add component (AddParameter): Name = "Connector Type"; Value = "Header,Shrouded"; VariantName = "[No Variations]"
Add component (AddParameter): Name = "Contact Finish"; Value = "Tin"; VariantName = "[No Variations]"
Add component (AddParameter): Name = "Contact Finish Thickness"; Value = "-"; VariantName = "[No Variations]"
Add component (AddParameter): Name = "Contact Mating Length"; Value = "-"; VariantName = "[No Variations]"
Add component (AddParameter): Name = "Contact Type"; Value = "OuterShroudContact"; VariantName = "[No Variations]"
Add component (AddParameter): Name = "Datasheet URL"; Value = "http://www.jst-mfg.com/product/pdf/eng/eGH.pdf"; VariantName = "[No Variations]"
Add component (AddParameter): Name = "Datasheet Version"; Value = "05/2016"; VariantName = "[No Variations]"
Add component (AddParameter): Name = "Family"; Value = "RectangularConnectors-Headers,MalePins"; VariantName = "[No Variations]"
Add component (AddParameter): Name = "Fastening Type"; Value = "LockingRamp"; VariantName = "[No Variations]"
Add component (AddParameter): Name = "Features"; Value = "SolderRetention"; VariantName = "[No Variations]"
Add component (AddParameter): Name = "Manufacturer"; Value = "JST-Sales-America-Inc."; VariantName = "[No Variations]"
Add component (AddParameter): Name = "Manufacturer URL"; Value = "http://www.jst.com/home2.html"; VariantName = "[No Variations]"
Add component (AddParameter): Name = "Mounting Technology"; Value = "SurfaceMount"; VariantName = "[No Variations]"
Add component (AddParameter): Name = "Mounting Type"; Value = "SurfaceMount"; VariantName = "[No Variations]"
Add component (AddParameter): Name = "Number of Positions"; Value = "2"; VariantName = "[No Variations]"
Add component (AddParameter): Name = "Number of Positions Loaded"; Value = "All"; VariantName = "[No Variations]"
Add component (AddParameter): Name = "Number of Rows"; Value = "1"; VariantName = "[No Variations]"
Add component (AddParameter): Name = "Package Description"; Value = "Disconnectable Crimp Style Connector, Pitch 1.25 mm, 1 x 2 Position, Height 4.05 mm"; VariantName = "[No Variations]"
Add component (AddParameter): Name = "Package Reference"; Value = "BM02B-GHS-TBT"; VariantName = "[No Variations]"
Add component (AddParameter): Name = "Packaging"; Value = "Digi-Reel?"; VariantName = "[No Variations]"
Add component (AddParameter): Name = "Pitch"; Value = "0.049"(1.25mm)"; VariantName = "[No Variations]"
Add component (AddParameter): Name = "Row Spacing"; Value = "-"; VariantName = "[No Variations]"
Add component (AddParameter): Name = "Series"; Value = "GH"; VariantName = "[No Variations]"
Add component (AddParameter): Name = "Termination"; Value = "Solder"; VariantName = "[No Variations]"
Added Component: Designator=CAN2(JST-BM02B-GHS-TBT_V)
Add component (AddParameter): Name = "Category"; Value = "Connectors,Interconnects"; VariantName = "[No Variations]"
Add component (AddParameter): Name = "Color"; Value = "Natural"; VariantName = "[No Variations]"
Add component (AddParameter): Name = "Connector Type"; Value = "Header,Shrouded"; VariantName = "[No Variations]"
Add component (AddParameter): Name = "Contact Finish"; Value = "Tin"; VariantName = "[No Variations]"
Add component (AddParameter): Name = "Contact Finish Thickness"; Value = "-"; VariantName = "[No Variations]"
Add component (AddParameter): Name = "Contact Mating Length"; Value = "-"; VariantName = "[No Variations]"
Add component (AddParameter): Name = "Contact Type"; Value = "OuterShroudContact"; VariantName = "[No Variations]"
Add component (AddParameter): Name = "Datasheet URL"; Value = "http://www.jst-mfg.com/product/pdf/eng/eGH.pdf"; VariantName = "[No Variations]"
Add component (AddParameter): Name = "Datasheet Version"; Value = "05/2016"; VariantName = "[No Variations]"
Add component (AddParameter): Name = "Family"; Value = "RectangularConnectors-Headers,MalePins"; VariantName = "[No Variations]"
Add component (AddParameter): Name = "Fastening Type"; Value = "LockingRamp"; VariantName = "[No Variations]"
Add component (AddParameter): Name = "Features"; Value = "SolderRetention"; VariantName = "[No Variations]"
Add component (AddParameter): Name = "Manufacturer"; Value = "JST-Sales-America-Inc."; VariantName = "[No Variations]"
Add component (AddParameter): Name = "Manufacturer URL"; Value = "http://www.jst.com/home2.html"; VariantName = "[No Variations]"
Add component (AddParameter): Name = "Mounting Technology"; Value = "SurfaceMount"; VariantName = "[No Variations]"
Add component (AddParameter): Name = "Mounting Type"; Value = "SurfaceMount"; VariantName = "[No Variations]"
Add component (AddParameter): Name = "Number of Positions"; Value = "2"; VariantName = "[No Variations]"
Add component (AddParameter): Name = "Number of Positions Loaded"; Value = "All"; VariantName = "[No Variations]"
Add component (AddParameter): Name = "Number of Rows"; Value = "1"; VariantName = "[No Variations]"
Add component (AddParameter): Name = "Package Description"; Value = "Disconnectable Crimp Style Connector, Pitch 1.25 mm, 1 x 2 Position, Height 4.05 mm"; VariantName = "[No Variations]"
Add component (AddParameter): Name = "Package Reference"; Value = "BM02B-GHS-TBT"; VariantName = "[No Variations]"
Add component (AddParameter): Name = "Packaging"; Value = "Digi-Reel?"; VariantName = "[No Variations]"
Add component (AddParameter): Name = "Pitch"; Value = "0.049"(1.25mm)"; VariantName = "[No Variations]"
Add component (AddParameter): Name = "Row Spacing"; Value = "-"; VariantName = "[No Variations]"
Add component (AddParameter): Name = "Series"; Value = "GH"; VariantName = "[No Variations]"
Add component (AddParameter): Name = "Termination"; Value = "Solder"; VariantName = "[No Variations]"
Added Component: Designator=FW_B_P(XT30-M)
Added Component: Designator=FW_B(JST-BM02B-GHS-TBT_V)
Add component (AddParameter): Name = "Category"; Value = "Connectors,Interconnects"; VariantName = "[No Variations]"
Add component (AddParameter): Name = "Color"; Value = "Natural"; VariantName = "[No Variations]"
Add component (AddParameter): Name = "Connector Type"; Value = "Header,Shrouded"; VariantName = "[No Variations]"
Add component (AddParameter): Name = "Contact Finish"; Value = "Tin"; VariantName = "[No Variations]"
Add component (AddParameter): Name = "Contact Finish Thickness"; Value = "-"; VariantName = "[No Variations]"
Add component (AddParameter): Name = "Contact Mating Length"; Value = "-"; VariantName = "[No Variations]"
Add component (AddParameter): Name = "Contact Type"; Value = "OuterShroudContact"; VariantName = "[No Variations]"
Add component (AddParameter): Name = "Datasheet URL"; Value = "http://www.jst-mfg.com/product/pdf/eng/eGH.pdf"; VariantName = "[No Variations]"
Add component (AddParameter): Name = "Datasheet Version"; Value = "05/2016"; VariantName = "[No Variations]"
Add component (AddParameter): Name = "Family"; Value = "RectangularConnectors-Headers,MalePins"; VariantName = "[No Variations]"
Add component (AddParameter): Name = "Fastening Type"; Value = "LockingRamp"; VariantName = "[No Variations]"
Add component (AddParameter): Name = "Features"; Value = "SolderRetention"; VariantName = "[No Variations]"
Add component (AddParameter): Name = "Manufacturer"; Value = "JST-Sales-America-Inc."; VariantName = "[No Variations]"
Add component (AddParameter): Name = "Manufacturer URL"; Value = "http://www.jst.com/home2.html"; VariantName = "[No Variations]"
Add component (AddParameter): Name = "Mounting Technology"; Value = "SurfaceMount"; VariantName = "[No Variations]"
Add component (AddParameter): Name = "Mounting Type"; Value = "SurfaceMount"; VariantName = "[No Variations]"
Add component (AddParameter): Name = "Number of Positions"; Value = "2"; VariantName = "[No Variations]"
Add component (AddParameter): Name = "Number of Positions Loaded"; Value = "All"; VariantName = "[No Variations]"
Add component (AddParameter): Name = "Number of Rows"; Value = "1"; VariantName = "[No Variations]"
Add component (AddParameter): Name = "Package Description"; Value = "Disconnectable Crimp Style Connector, Pitch 1.25 mm, 1 x 2 Position, Height 4.05 mm"; VariantName = "[No Variations]"
Add component (AddParameter): Name = "Package Reference"; Value = "BM02B-GHS-TBT"; VariantName = "[No Variations]"
Add component (AddParameter): Name = "Packaging"; Value = "Digi-Reel?"; VariantName = "[No Variations]"
Add component (AddParameter): Name = "Pitch"; Value = "0.049"(1.25mm)"; VariantName = "[No Variations]"
Add component (AddParameter): Name = "Row Spacing"; Value = "-"; VariantName = "[No Variations]"
Add component (AddParameter): Name = "Series"; Value = "GH"; VariantName = "[No Variations]"
Add component (AddParameter): Name = "Termination"; Value = "Solder"; VariantName = "[No Variations]"
Added Component: Designator=FW_T_P(XT30-M)
Added Component: Designator=FW_T(JST-BM02B-GHS-TBT_V)
Add component (AddParameter): Name = "Category"; Value = "Connectors,Interconnects"; VariantName = "[No Variations]"
Add component (AddParameter): Name = "Color"; Value = "Natural"; VariantName = "[No Variations]"
Add component (AddParameter): Name = "Connector Type"; Value = "Header,Shrouded"; VariantName = "[No Variations]"
Add component (AddParameter): Name = "Contact Finish"; Value = "Tin"; VariantName = "[No Variations]"
Add component (AddParameter): Name = "Contact Finish Thickness"; Value = "-"; VariantName = "[No Variations]"
Add component (AddParameter): Name = "Contact Mating Length"; Value = "-"; VariantName = "[No Variations]"
Add component (AddParameter): Name = "Contact Type"; Value = "OuterShroudContact"; VariantName = "[No Variations]"
Add component (AddParameter): Name = "Datasheet URL"; Value = "http://www.jst-mfg.com/product/pdf/eng/eGH.pdf"; VariantName = "[No Variations]"
Add component (AddParameter): Name = "Datasheet Version"; Value = "05/2016"; VariantName = "[No Variations]"
Add component (AddParameter): Name = "Family"; Value = "RectangularConnectors-Headers,MalePins"; VariantName = "[No Variations]"
Add component (AddParameter): Name = "Fastening Type"; Value = "LockingRamp"; VariantName = "[No Variations]"
Add component (AddParameter): Name = "Features"; Value = "SolderRetention"; VariantName = "[No Variations]"
Add component (AddParameter): Name = "Manufacturer"; Value = "JST-Sales-America-Inc."; VariantName = "[No Variations]"
Add component (AddParameter): Name = "Manufacturer URL"; Value = "http://www.jst.com/home2.html"; VariantName = "[No Variations]"
Add component (AddParameter): Name = "Mounting Technology"; Value = "SurfaceMount"; VariantName = "[No Variations]"
Add component (AddParameter): Name = "Mounting Type"; Value = "SurfaceMount"; VariantName = "[No Variations]"
Add component (AddParameter): Name = "Number of Positions"; Value = "2"; VariantName = "[No Variations]"
Add component (AddParameter): Name = "Number of Positions Loaded"; Value = "All"; VariantName = "[No Variations]"
Add component (AddParameter): Name = "Number of Rows"; Value = "1"; VariantName = "[No Variations]"
Add component (AddParameter): Name = "Package Description"; Value = "Disconnectable Crimp Style Connector, Pitch 1.25 mm, 1 x 2 Position, Height 4.05 mm"; VariantName = "[No Variations]"
Add component (AddParameter): Name = "Package Reference"; Value = "BM02B-GHS-TBT"; VariantName = "[No Variations]"
Add component (AddParameter): Name = "Packaging"; Value = "Digi-Reel?"; VariantName = "[No Variations]"
Add component (AddParameter): Name = "Pitch"; Value = "0.049"(1.25mm)"; VariantName = "[No Variations]"
Add component (AddParameter): Name = "Row Spacing"; Value = "-"; VariantName = "[No Variations]"
Add component (AddParameter): Name = "Series"; Value = "GH"; VariantName = "[No Variations]"
Add component (AddParameter): Name = "Termination"; Value = "Solder"; VariantName = "[No Variations]"
Added Component: Designator=GM6020_P(XT30-M)
Added Component: Designator=GM6020(JST-BM02B-GHS-TBT_V)
Add component (AddParameter): Name = "Category"; Value = "Connectors,Interconnects"; VariantName = "[No Variations]"
Add component (AddParameter): Name = "Color"; Value = "Natural"; VariantName = "[No Variations]"
Add component (AddParameter): Name = "Connector Type"; Value = "Header,Shrouded"; VariantName = "[No Variations]"
Add component (AddParameter): Name = "Contact Finish"; Value = "Tin"; VariantName = "[No Variations]"
Add component (AddParameter): Name = "Contact Finish Thickness"; Value = "-"; VariantName = "[No Variations]"
Add component (AddParameter): Name = "Contact Mating Length"; Value = "-"; VariantName = "[No Variations]"
Add component (AddParameter): Name = "Contact Type"; Value = "OuterShroudContact"; VariantName = "[No Variations]"
Add component (AddParameter): Name = "Datasheet URL"; Value = "http://www.jst-mfg.com/product/pdf/eng/eGH.pdf"; VariantName = "[No Variations]"
Add component (AddParameter): Name = "Datasheet Version"; Value = "05/2016"; VariantName = "[No Variations]"
Add component (AddParameter): Name = "Family"; Value = "RectangularConnectors-Headers,MalePins"; VariantName = "[No Variations]"
Add component (AddParameter): Name = "Fastening Type"; Value = "LockingRamp"; VariantName = "[No Variations]"
Add component (AddParameter): Name = "Features"; Value = "SolderRetention"; VariantName = "[No Variations]"
Add component (AddParameter): Name = "Manufacturer"; Value = "JST-Sales-America-Inc."; VariantName = "[No Variations]"
Add component (AddParameter): Name = "Manufacturer URL"; Value = "http://www.jst.com/home2.html"; VariantName = "[No Variations]"
Add component (AddParameter): Name = "Mounting Technology"; Value = "SurfaceMount"; VariantName = "[No Variations]"
Add component (AddParameter): Name = "Mounting Type"; Value = "SurfaceMount"; VariantName = "[No Variations]"
Add component (AddParameter): Name = "Number of Positions"; Value = "2"; VariantName = "[No Variations]"
Add component (AddParameter): Name = "Number of Positions Loaded"; Value = "All"; VariantName = "[No Variations]"
Add component (AddParameter): Name = "Number of Rows"; Value = "1"; VariantName = "[No Variations]"
Add component (AddParameter): Name = "Package Description"; Value = "Disconnectable Crimp Style Connector, Pitch 1.25 mm, 1 x 2 Position, Height 4.05 mm"; VariantName = "[No Variations]"
Add component (AddParameter): Name = "Package Reference"; Value = "BM02B-GHS-TBT"; VariantName = "[No Variations]"
Add component (AddParameter): Name = "Packaging"; Value = "Digi-Reel?"; VariantName = "[No Variations]"
Add component (AddParameter): Name = "Pitch"; Value = "0.049"(1.25mm)"; VariantName = "[No Variations]"
Add component (AddParameter): Name = "Row Spacing"; Value = "-"; VariantName = "[No Variations]"
Add component (AddParameter): Name = "Series"; Value = "GH"; VariantName = "[No Variations]"
Add component (AddParameter): Name = "Termination"; Value = "Solder"; VariantName = "[No Variations]"
Added Component: Designator=JETSON_P(XT30-M)
Added Component: Designator=M2006_P(XT30-M)
Added Component: Designator=M2006(JST-BM02B-GHS-TBT_V)
Add component (AddParameter): Name = "Category"; Value = "Connectors,Interconnects"; VariantName = "[No Variations]"
Add component (AddParameter): Name = "Color"; Value = "Natural"; VariantName = "[No Variations]"
Add component (AddParameter): Name = "Connector Type"; Value = "Header,Shrouded"; VariantName = "[No Variations]"
Add component (AddParameter): Name = "Contact Finish"; Value = "Tin"; VariantName = "[No Variations]"
Add component (AddParameter): Name = "Contact Finish Thickness"; Value = "-"; VariantName = "[No Variations]"
Add component (AddParameter): Name = "Contact Mating Length"; Value = "-"; VariantName = "[No Variations]"
Add component (AddParameter): Name = "Contact Type"; Value = "OuterShroudContact"; VariantName = "[No Variations]"
Add component (AddParameter): Name = "Datasheet URL"; Value = "http://www.jst-mfg.com/product/pdf/eng/eGH.pdf"; VariantName = "[No Variations]"
Add component (AddParameter): Name = "Datasheet Version"; Value = "05/2016"; VariantName = "[No Variations]"
Add component (AddParameter): Name = "Family"; Value = "RectangularConnectors-Headers,MalePins"; VariantName = "[No Variations]"
Add component (AddParameter): Name = "Fastening Type"; Value = "LockingRamp"; VariantName = "[No Variations]"
Add component (AddParameter): Name = "Features"; Value = "SolderRetention"; VariantName = "[No Variations]"
Add component (AddParameter): Name = "Manufacturer"; Value = "JST-Sales-America-Inc."; VariantName = "[No Variations]"
Add component (AddParameter): Name = "Manufacturer URL"; Value = "http://www.jst.com/home2.html"; VariantName = "[No Variations]"
Add component (AddParameter): Name = "Mounting Technology"; Value = "SurfaceMount"; VariantName = "[No Variations]"
Add component (AddParameter): Name = "Mounting Type"; Value = "SurfaceMount"; VariantName = "[No Variations]"
Add component (AddParameter): Name = "Number of Positions"; Value = "2"; VariantName = "[No Variations]"
Add component (AddParameter): Name = "Number of Positions Loaded"; Value = "All"; VariantName = "[No Variations]"
Add component (AddParameter): Name = "Number of Rows"; Value = "1"; VariantName = "[No Variations]"
Add component (AddParameter): Name = "Package Description"; Value = "Disconnectable Crimp Style Connector, Pitch 1.25 mm, 1 x 2 Position, Height 4.05 mm"; VariantName = "[No Variations]"
Add component (AddParameter): Name = "Package Reference"; Value = "BM02B-GHS-TBT"; VariantName = "[No Variations]"
Add component (AddParameter): Name = "Packaging"; Value = "Digi-Reel?"; VariantName = "[No Variations]"
Add component (AddParameter): Name = "Pitch"; Value = "0.049"(1.25mm)"; VariantName = "[No Variations]"
Add component (AddParameter): Name = "Row Spacing"; Value = "-"; VariantName = "[No Variations]"
Add component (AddParameter): Name = "Series"; Value = "GH"; VariantName = "[No Variations]"
Add component (AddParameter): Name = "Termination"; Value = "Solder"; VariantName = "[No Variations]"
Added Component: Designator=PLUGIN(IDC2.54-LI-2x17P)
Add component (AddParameter): Name = "BOM名称"; Value = "17*2P接插件"; VariantName = "[No Variations]"
Add component (AddParameter): Name = "学习资源"; Value = "https://shop463601444.taobao.com"; VariantName = "[No Variations]"
Add component (AddParameter): Name = "版权归属"; Value = "封装库来自淘宝 ID：黄晶宝石"; VariantName = "[No Variations]"
Added Component: Designator=REF_A(M8 Connector)
Added Component: Designator=REF_A(M8 Connector)
Added Component: Designator=RF2(KF2510-LI-4P)
Add component (AddParameter): Name = "BOM名称"; Value = "4P接插件"; VariantName = "[No Variations]"
Add component (AddParameter): Name = "学习资源"; Value = "https://shop463601444.taobao.com"; VariantName = "[No Variations]"
Add component (AddParameter): Name = "版权归属"; Value = "封装库来自淘宝 ID：黄晶宝石"; VariantName = "[No Variations]"
Added Pin To Net: NetName=AMMO_DC Pin=FW_B_P-1
Added Pin To Net: NetName=AMMO_DC Pin=FW_T_P-1
Added Pin To Net: NetName=AMMO_DC Pin=M2006_P-1
Added Pin To Net: NetName=AMMO_DC Pin=PLUGIN-29
Added Pin To Net: NetName=AMMO_DC Pin=PLUGIN-31
Added Pin To Net: NetName=AMMO_DC Pin=PLUGIN-33
Added Net: Name=AMMO_DC
Added Pin To Net: NetName=AMMO_GND Pin=FW_B_P-2
Added Pin To Net: NetName=AMMO_GND Pin=FW_T_P-2
Added Pin To Net: NetName=AMMO_GND Pin=M2006_P-2
Added Pin To Net: NetName=AMMO_GND Pin=PLUGIN-23
Added Pin To Net: NetName=AMMO_GND Pin=PLUGIN-25
Added Pin To Net: NetName=AMMO_GND Pin=PLUGIN-27
Added Net: Name=AMMO_GND
Added Pin To Net: NetName=CAN1_H Pin=CAN1-2
Added Pin To Net: NetName=CAN1_H Pin=CAN1-MP2
Added Pin To Net: NetName=CAN1_H Pin=FW_B-2
Added Pin To Net: NetName=CAN1_H Pin=FW_B-MP2
Added Pin To Net: NetName=CAN1_H Pin=FW_T-2
Added Pin To Net: NetName=CAN1_H Pin=FW_T-MP2
Added Pin To Net: NetName=CAN1_H Pin=GM6020-2
Added Pin To Net: NetName=CAN1_H Pin=GM6020-MP2
Added Pin To Net: NetName=CAN1_H Pin=M2006-2
Added Pin To Net: NetName=CAN1_H Pin=M2006-MP2
Added Net: Name=CAN1_H
Added Pin To Net: NetName=CAN1_L Pin=CAN1-1
Added Pin To Net: NetName=CAN1_L Pin=CAN1-MP1
Added Pin To Net: NetName=CAN1_L Pin=FW_B-1
Added Pin To Net: NetName=CAN1_L Pin=FW_B-MP1
Added Pin To Net: NetName=CAN1_L Pin=FW_T-1
Added Pin To Net: NetName=CAN1_L Pin=FW_T-MP1
Added Pin To Net: NetName=CAN1_L Pin=GM6020-1
Added Pin To Net: NetName=CAN1_L Pin=GM6020-MP1
Added Pin To Net: NetName=CAN1_L Pin=M2006-1
Added Pin To Net: NetName=CAN1_L Pin=M2006-MP1
Added Net: Name=CAN1_L
Added Pin To Net: NetName=CAN2_H Pin=CAN2-2
Added Pin To Net: NetName=CAN2_H Pin=CAN2-MP2
Added Pin To Net: NetName=CAN2_H Pin=PLUGIN-9
Added Pin To Net: NetName=CAN2_H Pin=PLUGIN-11
Added Net: Name=CAN2_H
Added Pin To Net: NetName=CAN2_L Pin=CAN2-1
Added Pin To Net: NetName=CAN2_L Pin=CAN2-MP1
Added Pin To Net: NetName=CAN2_L Pin=PLUGIN-13
Added Pin To Net: NetName=CAN2_L Pin=PLUGIN-15
Added Net: Name=CAN2_L
Added Pin To Net: NetName=GMB_DC Pin=GM6020_P-1
Added Pin To Net: NetName=GMB_DC Pin=PLUGIN-17
Added Pin To Net: NetName=GMB_DC Pin=PLUGIN-19
Added Pin To Net: NetName=GMB_DC Pin=PLUGIN-21
Added Net: Name=GMB_DC
Added Pin To Net: NetName=GMB_GND Pin=GM6020_P-2
Added Pin To Net: NetName=GMB_GND Pin=PLUGIN-30
Added Pin To Net: NetName=GMB_GND Pin=PLUGIN-32
Added Pin To Net: NetName=GMB_GND Pin=PLUGIN-34
Added Net: Name=GMB_GND
Added Pin To Net: NetName=MPC_DC Pin=BOARD_P-1
Added Pin To Net: NetName=MPC_DC Pin=JETSON_P-1
Added Pin To Net: NetName=MPC_DC Pin=PLUGIN-24
Added Pin To Net: NetName=MPC_DC Pin=PLUGIN-26
Added Pin To Net: NetName=MPC_DC Pin=PLUGIN-28
Added Net: Name=MPC_DC
Added Pin To Net: NetName=MPC_GND Pin=BOARD_P-2
Added Pin To Net: NetName=MPC_GND Pin=JETSON_P-2
Added Pin To Net: NetName=MPC_GND Pin=PLUGIN-18
Added Pin To Net: NetName=MPC_GND Pin=PLUGIN-20
Added Pin To Net: NetName=MPC_GND Pin=PLUGIN-22
Added Net: Name=MPC_GND
Added Pin To Net: NetName=Referee_2A Pin=RF2-4
Added Net: Name=Referee_2A
Added Pin To Net: NetName=Referee_2B Pin=RF2-3
Added Net: Name=Referee_2B
Added Pin To Net: NetName=Referee_2C Pin=RF2-2
Added Net: Name=Referee_2C
Added Pin To Net: NetName=Referee_2D Pin=RF2-1
Added Net: Name=Referee_2D
Added Pin To Net: NetName=REFEREE_A1 Pin=PLUGIN-10
Added Pin To Net: NetName=REFEREE_A1 Pin=REF_A-0
Added Net: Name=REFEREE_A1
Added Pin To Net: NetName=REFEREE_A2 Pin=PLUGIN-12
Added Pin To Net: NetName=REFEREE_A2 Pin=REF_A-1
Added Net: Name=REFEREE_A2
Added Pin To Net: NetName=REFEREE_A3 Pin=PLUGIN-14
Added Pin To Net: NetName=REFEREE_A3 Pin=REF_A-2
Added Net: Name=REFEREE_A3
Added Pin To Net: NetName=REFEREE_A4 Pin=PLUGIN-16
Added Pin To Net: NetName=REFEREE_A4 Pin=REF_A-3
Added Net: Name=REFEREE_A4
Added Pin To Net: NetName=REFEREE_B1 Pin=PLUGIN-2
Added Pin To Net: NetName=REFEREE_B1 Pin=REF_A-0
Added Net: Name=REFEREE_B1
Added Pin To Net: NetName=REFEREE_B2 Pin=PLUGIN-4
Added Pin To Net: NetName=REFEREE_B2 Pin=REF_A-1
Added Net: Name=REFEREE_B2
Added Pin To Net: NetName=REFEREE_B3 Pin=PLUGIN-6
Added Pin To Net: NetName=REFEREE_B3 Pin=REF_A-2
Added Net: Name=REFEREE_B3
Added Pin To Net: NetName=REFEREE_B4 Pin=PLUGIN-8
Added Pin To Net: NetName=REFEREE_B4 Pin=REF_A-3
Added Net: Name=REFEREE_B4
Added Pin To Net: NetName=UART_GND Pin=PLUGIN-7
Added Net: Name=UART_GND
Added Pin To Net: NetName=UART_RX Pin=PLUGIN-3
Added Net: Name=UART_RX
Added Pin To Net: NetName=UART_Tx Pin=PLUGIN-5
Added Net: Name=UART_Tx
Added Member To Class: ClassName=NewInfSche Member=Component BOARD_P XT PLUGIN
Added Member To Class: ClassName=NewInfSche Member=Component CAN1
Added Member To Class: ClassName=NewInfSche Member=Component CAN2
Added Member To Class: ClassName=NewInfSche Member=Component FW_B_P XT PLUGIN
Added Member To Class: ClassName=NewInfSche Member=Component FW_B CAN1
Added Member To Class: ClassName=NewInfSche Member=Component FW_T_P XT PLUGIN
Added Member To Class: ClassName=NewInfSche Member=Component FW_T CAN1
Added Member To Class: ClassName=NewInfSche Member=Component GM6020_P XT PLUGIN
Added Member To Class: ClassName=NewInfSche Member=Component GM6020 CAN1
Added Member To Class: ClassName=NewInfSche Member=Component JETSON_P XT PLUGIN
Added Member To Class: ClassName=NewInfSche Member=Component M2006_P XT PLUGIN
Added Member To Class: ClassName=NewInfSche Member=Component M2006 CAN1
Added Member To Class: ClassName=NewInfSche Member=Component PLUGIN Header 2X11
Added Member To Class: ClassName=NewInfSche Member=Component REF_A Referee_Air
Added Member To Class: ClassName=NewInfSche Member=Component REF_A Referee_Air
Added Member To Class: ClassName=NewInfSche Member=Component RF2 HDR-1X4
Added Room: Name=NewInfSche
