Added Component: Designator=PLUGIN(IDC2.54-LI-2x17P)
Add component (AddParameter): Name = "BOM名称"; Value = "17*2P接插件"; VariantName = "[No Variations]"
Add component (AddParameter): Name = "学习资源"; Value = "https://shop463601444.taobao.com"; VariantName = "[No Variations]"
Add component (AddParameter): Name = "版权归属"; Value = "封装库来自淘宝 ID：黄晶宝石"; VariantName = "[No Variations]"
Added Component: Designator=SIGPORT(DC-2.54-L-Z-14P)
Added Pin To Net: NetName=REFEREE_A4 Pin=PLUGIN-2
Added Pin To Net: NetName=UART_RX Pin=PLUGIN-3
Added Pin To Net: NetName=REFEREE_A2 Pin=PLUGIN-4
Added Pin To Net: NetName=UART_Tx Pin=PLUGIN-5
Added Pin To Net: NetName=REFEREE_A3 Pin=PLUGIN-6
Added Pin To Net: NetName=UART_GND Pin=PLUGIN-7
Added Pin To Net: NetName=REFEREE_A1 Pin=PLUGIN-8
Added Pin To Net: NetName=CAN2_H Pin=PLUGIN-9
Added Pin To Net: NetName=REFEREE_B4 Pin=PLUGIN-10
Added Pin To Net: NetName=CAN2_H Pin=PLUGIN-11
Added Pin To Net: NetName=REFEREE_B2 Pin=PLUGIN-12
Added Pin To Net: NetName=CAN2_L Pin=PLUGIN-13
Added Pin To Net: NetName=REFEREE_B3 Pin=PLUGIN-14
Added Pin To Net: NetName=CAN2_L Pin=PLUGIN-15
Added Pin To Net: NetName=REFEREE_B1 Pin=PLUGIN-16
Added Pin To Net: NetName=GMB_DC Pin=PLUGIN-17
Added Pin To Net: NetName=MPC_GND Pin=PLUGIN-18
Added Pin To Net: NetName=GMB_DC Pin=PLUGIN-19
Added Pin To Net: NetName=MPC_GND Pin=PLUGIN-20
Added Pin To Net: NetName=GMB_DC Pin=PLUGIN-21
Added Pin To Net: NetName=MPC_GND Pin=PLUGIN-22
Added Pin To Net: NetName=AMMO_GND Pin=PLUGIN-23
Added Pin To Net: NetName=MPC_DC Pin=PLUGIN-24
Added Pin To Net: NetName=AMMO_GND Pin=PLUGIN-25
Added Pin To Net: NetName=MPC_DC Pin=PLUGIN-26
Added Pin To Net: NetName=AMMO_GND Pin=PLUGIN-27
Added Pin To Net: NetName=MPC_DC Pin=PLUGIN-28
Added Pin To Net: NetName=AMMO_DC Pin=PLUGIN-29
Added Pin To Net: NetName=GMB_GND Pin=PLUGIN-30
Added Pin To Net: NetName=AMMO_DC Pin=PLUGIN-31
Added Pin To Net: NetName=GMB_GND Pin=PLUGIN-32
Added Pin To Net: NetName=AMMO_DC Pin=PLUGIN-33
Added Pin To Net: NetName=GMB_GND Pin=PLUGIN-34
Added Pin To Net: NetName=REFEREE_A4 Pin=SIGPORT-2
Added Pin To Net: NetName=UART_GND Pin=SIGPORT-3
Added Pin To Net: NetName=REFEREE_A2 Pin=SIGPORT-4
Added Pin To Net: NetName=UART_RX Pin=SIGPORT-5
Added Pin To Net: NetName=REFEREE_A1 Pin=SIGPORT-6
Added Pin To Net: NetName=UART_Tx Pin=SIGPORT-7
Added Pin To Net: NetName=REFEREE_A3 Pin=SIGPORT-8
Added Pin To Net: NetName=CAN2_L Pin=SIGPORT-9
Added Pin To Net: NetName=REFEREE_B4 Pin=SIGPORT-10
Added Pin To Net: NetName=CAN2_H Pin=SIGPORT-11
Added Pin To Net: NetName=REFEREE_B2 Pin=SIGPORT-12
Added Pin To Net: NetName=REFEREE_B3 Pin=SIGPORT-13
Added Pin To Net: NetName=REFEREE_B1 Pin=SIGPORT-14
Added Member To Class: ClassName=Schematic Member=Component PLUGIN Header 2X11
Added Member To Class: ClassName=Schematic Member=Component SIGPORT XH2.54 14PIN
Added Room: Name=Schematic
