Removed Pin From Net: NetName=FanGND Pin=JP?-1
Removed Pin From Net: NetName=BlowerHIGH Pin=JP?-2
Removed Pin From Net: NetName=HeaterL Pin=JP?-3
Removed Pin From Net: NetName=CoolerHIGH Pin=JP?-4
Removed Pin From Net: NetName=HeaterL Pin=JP?-5
Removed Pin From Net: NetName=Motor4 Pin=JP?-6
Removed Pin From Net: NetName=HeaterH Pin=JP?-7
Removed Pin From Net: NetName=Motor3 Pin=JP?-8
Removed Pin From Net: NetName=HeaterH Pin=JP?-9
Removed Pin From Net: NetName=Motor2 Pin=JP?-10
Removed Pin From Net: NetName=PL08NSIG_OUT Pin=JP?-11
Removed Pin From Net: NetName=Motor1 Pin=JP?-12
Removed Pin From Net: NetName=PL08NG Pin=JP?-13
Removed Pin From Net: NetName=THERMOL Pin=JP?-14
Removed Pin From Net: NetName=PL08NH Pin=JP?-15
Removed Pin From Net: NetName=THERMOH Pin=JP?-16
Added Pin To Net: NetName=CoolerHIGH Pin=JP?-1
Added Pin To Net: NetName=Motor4 Pin=JP?-2
Added Pin To Net: NetName=BlowerHIGH Pin=JP?-3
Added Pin To Net: NetName=Motor3 Pin=JP?-4
Added Pin To Net: NetName=FanGND Pin=JP?-5
Added Pin To Net: NetName=HeaterL Pin=JP?-6
Added Pin To Net: NetName=PL08NSIG_OUT Pin=JP?-7
Added Pin To Net: NetName=HeaterL Pin=JP?-8
Added Pin To Net: NetName=PL08NG Pin=JP?-9
Added Pin To Net: NetName=HeaterH Pin=JP?-10
Added Pin To Net: NetName=PL08NH Pin=JP?-11
Added Pin To Net: NetName=HeaterH Pin=JP?-12
Added Pin To Net: NetName=THERMOL Pin=JP?-13
Added Pin To Net: NetName=Motor2 Pin=JP?-14
Added Pin To Net: NetName=THERMOH Pin=JP?-15
Added Pin To Net: NetName=Motor1 Pin=JP?-16
Added Room: Name=Schematic
